Arguments: 
  /usr/local/bin/node /opt/homebrew/Cellar/yarn/1.22.19/libexec/bin/yarn.js add tailwindcss -D

PATH: 
  /usr/local/bin:/System/Cryptexes/App/usr/bin:/usr/bin:/bin:/usr/sbin:/sbin:/Library/Apple/usr/bin:/Users/caiocezarqueiroz/.nvm/versions/node/v16.20.1/bin:/opt/homebrew/bin:/opt/homebrew/sbin

Yarn version: 
  1.22.19

Node version: 
  18.15.0

Platform: 
  darwin arm64

Trace: 
  SyntaxError: /Users/caiocezarqueiroz/Documents/Estudos/desafio-code/mp-tela-login-tailwind/tela/package.json: Unexpected token } in JSON at position 188
      at JSON.parse (<anonymous>)
      at /opt/homebrew/Cellar/yarn/1.22.19/libexec/lib/cli.js:1629:59
      at Generator.next (<anonymous>)
      at step (/opt/homebrew/Cellar/yarn/1.22.19/libexec/lib/cli.js:310:30)
      at /opt/homebrew/Cellar/yarn/1.22.19/libexec/lib/cli.js:321:13

npm manifest: 
  {
    "name": "desafio-tela-de-login",
    "version": "1.0.0",
    "main": "index.js",
    "author": "Caio Queiroz",
    "license": "MIT",
    "scripts": {
      "tailwind:init": "npx tailwind init",
    }
  }

yarn manifest: 
  No manifest

Lockfile: 
  No lockfile
